<?xml version="1.0" encoding="UTF-8"?>
<testsuite xmlns:xsi="http://www.w3.org/2001/XMLSchema-instance" xsi:noNamespaceSchemaLocation="https://maven.apache.org/surefire/maven-surefire-plugin/xsd/surefire-test-report-3.0.xsd" version="3.0" name="com.ymcyun.utils.DbUtilsTest" time="0.502" tests="2" errors="0" skipped="0" failures="0">
  <properties>
[...]
</properties>
  <testcase name="testGetStatement" classname="com.ymcyun.utils.DbUtilsTest" time="0.452"/>
  <testcase name="testGetConnection" classname="com.ymcyun.utils.DbUtilsTest" time="0.016"/>
</testsuite>