<?xml version="1.0" encoding="UTF-8"?>
<testsuite xmlns:xsi="http://www.w3.org/2001/XMLSchema-instance" xsi:noNamespaceSchemaLocation="https://maven.apache.org/surefire/maven-surefire-plugin/xsd/surefire-test-report-3.0.xsd" version="3.0" name="com.ymcyun.dao.UserDaoTest" time="0.246" tests="4" errors="0" skipped="0" failures="0">
  <properties>
[...]
</properties>
  <testcase name="testFindUserByUsernameAndPassword" classname="com.ymcyun.dao.UserDaoTest" time="0.226">
    <system-err><![CDATA[Jun 12, 2023 4:05:20 AM com.alibaba.druid.support.logging.JakartaCommonsLoggingImpl info
INFO: {dataSource-1} inited
]]></system-err>
  </testcase>
  <testcase name="testFindUserByUsername" classname="com.ymcyun.dao.UserDaoTest" time="0.002"/>
  <testcase name="testSingupUser" classname="com.ymcyun.dao.UserDaoTest" time="0.009"/>
  <testcase name="testFindUserById" classname="com.ymcyun.dao.UserDaoTest" time="0.003"/>
</testsuite>